Using pre-set license
Built from '2022.3/staging' branch; Version is '2022.3.14f1 (eff2de9070d8) revision 15725278'; Using compiler version '192829333'; Build Type 'Release'
OS: 'Windows 10  (10.0.19045) 64bit CoreSingleLanguage' Language: 'en' Physical Memory: 12197 MB
BatchMode: 1, IsHumanControllingUs: 0, StartBugReporterOnCrash: 0, Is64bit: 1, IsPro: 1

COMMAND LINE ARGUMENTS:
C:\Program Files\Unity\Hub\Editor\2022.3.14f1\Editor\Unity.exe
-adb2
-batchMode
-noUpm
-name
AssetImportWorker0
-projectPath
C:/Users/zacha/PT#1_Nogueras
-logFile
Logs/AssetImportWorker0.log
-srvPort
55107
Successfully changed project path to: C:/Users/zacha/PT#1_Nogueras
C:/Users/zacha/PT#1_Nogueras
[UnityMemory] Configuration Parameters - Can be set up in boot.config
    "memorysetup-bucket-allocator-granularity=16"
    "memorysetup-bucket-allocator-bucket-count=8"
    "memorysetup-bucket-allocator-block-size=33554432"
    "memorysetup-bucket-allocator-block-count=8"
    "memorysetup-main-allocator-block-size=16777216"
    "memorysetup-thread-allocator-block-size=16777216"
    "memorysetup-gfx-main-allocator-block-size=16777216"
    "memorysetup-gfx-thread-allocator-block-size=16777216"
    "memorysetup-cache-allocator-block-size=4194304"
    "memorysetup-typetree-allocator-block-size=2097152"
    "memorysetup-profiler-bucket-allocator-granularity=16"
    "memorysetup-profiler-bucket-allocator-bucket-count=8"
    "memorysetup-profiler-bucket-allocator-block-size=33554432"
    "memorysetup-profiler-bucket-allocator-block-count=8"
    "memorysetup-profiler-allocator-block-size=16777216"
    "memorysetup-profiler-editor-allocator-block-size=1048576"
    "memorysetup-temp-allocator-size-main=16777216"
    "memorysetup-job-temp-allocator-block-size=2097152"
    "memorysetup-job-temp-allocator-block-size-background=1048576"
    "memorysetup-job-temp-allocator-reduction-small-platforms=262144"
    "memorysetup-allocator-temp-initial-block-size-main=262144"
    "memorysetup-allocator-temp-initial-block-size-worker=262144"
    "memorysetup-temp-allocator-size-background-worker=32768"
    "memorysetup-temp-allocator-size-job-worker=262144"
    "memorysetup-temp-allocator-size-preload-manager=33554432"
    "memorysetup-temp-allocator-size-nav-mesh-worker=65536"
    "memorysetup-temp-allocator-size-audio-worker=65536"
    "memorysetup-temp-allocator-size-cloud-worker=32768"
    "memorysetup-temp-allocator-size-gi-baking-worker=262144"
    "memorysetup-temp-allocator-size-gfx=262144"
Player connection [9640] Host "[IP] 26.141.28.62 [Port] 0 [Flags] 2 [Guid] 2733938610 [EditorId] 2733938610 [Version] 1048832 [Id] WindowsEditor(7,DESKTOP-QJI1P1T) [Debug] 1 [PackageName] WindowsEditor [ProjectName] Editor" joined multi-casting on [225.0.0.222:54997]...

Player connection [9640] Host "[IP] 26.141.28.62 [Port] 0 [Flags] 2 [Guid] 2733938610 [EditorId] 2733938610 [Version] 1048832 [Id] WindowsEditor(7,DESKTOP-QJI1P1T) [Debug] 1 [PackageName] WindowsEditor [ProjectName] Editor" joined alternative multi-casting on [225.0.0.222:34997]...

[Physics::Module] Initialized MultithreadedJobDispatcher with 7 workers.
Refreshing native plugins compatible for Editor in 93.25 ms, found 3 plugins.
Preloading 0 native plugins for Editor in 0.00 ms.
Initialize engine version: 2022.3.14f1 (eff2de9070d8)
[Subsystems] Discovering subsystems at path C:/Program Files/Unity/Hub/Editor/2022.3.14f1/Editor/Data/Resources/UnitySubsystems
[Subsystems] Discovering subsystems at path C:/Users/zacha/PT#1_Nogueras/Assets
GfxDevice: creating device client; threaded=0; jobified=0
Direct3D:
    Version:  Direct3D 11.0 [level 11.1]
    Renderer: Intel(R) UHD Graphics 620 (ID=0x5917)
    Vendor:   Intel
    VRAM:     6098 MB
    Driver:   27.20.100.8729
Initialize mono
Mono path[0] = 'C:/Program Files/Unity/Hub/Editor/2022.3.14f1/Editor/Data/Managed'
Mono path[1] = 'C:/Program Files/Unity/Hub/Editor/2022.3.14f1/Editor/Data/MonoBleedingEdge/lib/mono/unityjit-win32'
Mono config path = 'C:/Program Files/Unity/Hub/Editor/2022.3.14f1/Editor/Data/MonoBleedingEdge/etc'
Using monoOptions --debugger-agent=transport=dt_socket,embedding=1,server=y,suspend=n,address=127.0.0.1:56684
Begin MonoManager ReloadAssembly
Registering precompiled unity dll's ...
Register platform support module: C:/Program Files/Unity/Hub/Editor/2022.3.14f1/Editor/Data/PlaybackEngines/WebGLSupport/UnityEditor.WebGL.Extensions.dll
Register platform support module: C:/Program Files/Unity/Hub/Editor/2022.3.14f1/Editor/Data/PlaybackEngines/WindowsStandaloneSupport/UnityEditor.WindowsStandalone.Extensions.dll
Registered in 0.107361 seconds.
- Loaded All Assemblies, in  2.550 seconds
Native extension for WindowsStandalone target not found
Native extension for WebGL target not found
Mono: successfully reloaded assembly
- Finished resetting the current domain, in  1.639 seconds
Domain Reload Profiling: 4177ms
	BeginReloadAssembly (1244ms)
		ExecutionOrderSort (0ms)
		DisableScriptedObjects (0ms)
		BackupInstance (0ms)
		ReleaseScriptingObjects (0ms)
		CreateAndSetChildDomain (3ms)
	RebuildCommonClasses (245ms)
	RebuildNativeTypeToScriptingClass (90ms)
	initialDomainReloadingComplete (364ms)
	LoadAllAssembliesAndSetupDomain (594ms)
		LoadAssemblies (1222ms)
		RebuildTransferFunctionScriptingTraits (0ms)
		AnalyzeDomain (587ms)
			TypeCache.Refresh (582ms)
				TypeCache.ScanAssembly (530ms)
			ScanForSourceGeneratedMonoScriptInfo (1ms)
			ResolveRequiredComponents (1ms)
	FinalizeReload (1641ms)
		ReleaseScriptCaches (0ms)
		RebuildScriptCaches (0ms)
		SetupLoadedEditorAssemblies (1345ms)
			LogAssemblyErrors (0ms)
			InitializePlatformSupportModulesInManaged (63ms)
			SetLoadedEditorAssemblies (32ms)
			RefreshPlugins (0ms)
			BeforeProcessingInitializeOnLoad (11ms)
			ProcessInitializeOnLoadAttributes (1035ms)
			ProcessInitializeOnLoadMethodAttributes (203ms)
			AfterProcessingInitializeOnLoad (0ms)
			EditorAssembliesLoaded (0ms)
		ExecutionOrderSort2 (0ms)
		AwakeInstancesAfterBackupRestoration (0ms)
========================================================================
Worker process is ready to serve import requests
Begin MonoManager ReloadAssembly
- Loaded All Assemblies, in  3.638 seconds
Refreshing native plugins compatible for Editor in 39.59 ms, found 3 plugins.
Native extension for WindowsStandalone target not found
Native extension for WebGL target not found
Package Manager log level set to [2]
[Package Manager] Server::EnsureServerProcessIsRunning -- launch failed, reason: Unity was launched with the -noUpm command-line argument
[Package Manager] UpmClient::Send -- Unable to send message (not connected to UPM process).
[Package Manager] Cannot connect to Unity Package Manager local server
Mono: successfully reloaded assembly
- Finished resetting the current domain, in  3.201 seconds
Domain Reload Profiling: 6819ms
	BeginReloadAssembly (686ms)
		ExecutionOrderSort (0ms)
		DisableScriptedObjects (36ms)
		BackupInstance (0ms)
		ReleaseScriptingObjects (0ms)
		CreateAndSetChildDomain (75ms)
	RebuildCommonClasses (152ms)
	RebuildNativeTypeToScriptingClass (37ms)
	initialDomainReloadingComplete (212ms)
	LoadAllAssembliesAndSetupDomain (2529ms)
		LoadAssemblies (1743ms)
		RebuildTransferFunctionScriptingTraits (0ms)
		AnalyzeDomain (1167ms)
			TypeCache.Refresh (973ms)
				TypeCache.ScanAssembly (886ms)
			ScanForSourceGeneratedMonoScriptInfo (116ms)
			ResolveRequiredComponents (69ms)
	FinalizeReload (3203ms)
		ReleaseScriptCaches (0ms)
		RebuildScriptCaches (0ms)
		SetupLoadedEditorAssemblies (2128ms)
			LogAssemblyErrors (0ms)
			InitializePlatformSupportModulesInManaged (87ms)
			SetLoadedEditorAssemblies (14ms)
			RefreshPlugins (0ms)
			BeforeProcessingInitializeOnLoad (413ms)
			ProcessInitializeOnLoadAttributes (1311ms)
			ProcessInitializeOnLoadMethodAttributes (262ms)
			AfterProcessingInitializeOnLoad (40ms)
			EditorAssembliesLoaded (0ms)
		ExecutionOrderSort2 (0ms)
		AwakeInstancesAfterBackupRestoration (34ms)
Launched and connected shader compiler UnityShaderCompiler.exe after 0.17 seconds
Refreshing native plugins compatible for Editor in 24.73 ms, found 3 plugins.
Preloading 0 native plugins for Editor in 0.00 ms.
Unloading 4921 Unused Serialized files (Serialized files now loaded: 0)
Unloading 75 unused Assets / (0.8 MB). Loaded Objects now: 5367.
Memory consumption went from 200.8 MB to 200.1 MB.
Total: 11.578100 ms (FindLiveObjects: 0.909500 ms CreateObjectMapping: 0.828500 ms MarkObjects: 9.142900 ms  DeleteObjects: 0.695000 ms)

AssetImportParameters requested are different than current active one (requested -> active):
  custom:container-demuxer-ogg: 62fdf1f143b41e24485cea50d1cbac27 -> 
  custom:video-decoder-ogg-theora: a1e56fd34408186e4bbccfd4996cb3dc -> 
  custom:framework-win-MediaFoundation: 216162199b28c13a410421893ffa2e32 -> 
  custom:CustomObjectIndexerAttribute: a3ef5dd2817f97addfee359851a9dba5 -> 
  custom:container-demuxer-webm: 4f35f7cbe854078d1ac9338744f61a02 -> 
  custom:container-muxer-webm: aa71ff27fc2769a1b78a27578f13a17b -> 
  custom:video-decoder-webm-vp8: 9c59270c3fd7afecdb556c50c9e8de78 -> 
  custom:SearchIndexIgnoredProperties: e643bd26f0fe6173181afceb89e7c659 -> 
  custom:AudioImporter_EditorPlatform: d09bf68614088b80899f8185d706f6e7 -> 
  custom:video-encoder-webm-vp8: eb34c28f22e8b96e1ab97ce403110664 -> 
  custom:audio-decoder-ogg-vorbis: bf7c407c2cedff20999df2af8eb42d56 -> 
  custom:audio-encoder-webm-vorbis: bf7c407c2cedff20999df2af8eb42d56 -> 
========================================================================
Received Import Request.
  Time since last request: 349024.165752 seconds.
  path: Assets/Readme.asset
  artifactKey: Guid(8105016687592461f977c054a80ce2f2) Importer(815301076,1909f56bfc062723c751e8b465ee728b)
Start importing Assets/Readme.asset using Guid(8105016687592461f977c054a80ce2f2) Importer(815301076,1909f56bfc062723c751e8b465ee728b)  -> (artifact id: '13b11e6936975384c89f4f7e6268c69a') in 0.062245 seconds
Number of updated asset objects reloaded before import = 0
Number of asset objects unloaded after import = 2
========================================================================
Received Prepare
Begin MonoManager ReloadAssembly
- Loaded All Assemblies, in  1.925 seconds
Refreshing native plugins compatible for Editor in 20.54 ms, found 3 plugins.
Native extension for WindowsStandalone target not found
Native extension for WebGL target not found
[Package Manager] Server::EnsureServerProcessIsRunning -- launch failed, reason: Unity was launched with the -noUpm command-line argument
[Package Manager] UpmClient::Send -- Unable to send message (not connected to UPM process).
[Package Manager] Cannot connect to Unity Package Manager local server
Mono: successfully reloaded assembly
- Finished resetting the current domain, in  6.497 seconds
Domain Reload Profiling: 8401ms
	BeginReloadAssembly (661ms)
		ExecutionOrderSort (0ms)
		DisableScriptedObjects (27ms)
		BackupInstance (0ms)
		ReleaseScriptingObjects (0ms)
		CreateAndSetChildDomain (167ms)
	RebuildCommonClasses (121ms)
	RebuildNativeTypeToScriptingClass (53ms)
	initialDomainReloadingComplete (134ms)
	LoadAllAssembliesAndSetupDomain (933ms)
		LoadAssemblies (1129ms)
		RebuildTransferFunctionScriptingTraits (0ms)
		AnalyzeDomain (150ms)
			TypeCache.Refresh (43ms)
				TypeCache.ScanAssembly (19ms)
			ScanForSourceGeneratedMonoScriptInfo (76ms)
			ResolveRequiredComponents (29ms)
	FinalizeReload (6499ms)
		ReleaseScriptCaches (0ms)
		RebuildScriptCaches (0ms)
		SetupLoadedEditorAssemblies (1419ms)
			LogAssemblyErrors (0ms)
			InitializePlatformSupportModulesInManaged (38ms)
			SetLoadedEditorAssemblies (13ms)
			RefreshPlugins (0ms)
			BeforeProcessingInitializeOnLoad (267ms)
			ProcessInitializeOnLoadAttributes (875ms)
			ProcessInitializeOnLoadMethodAttributes (180ms)
			AfterProcessingInitializeOnLoad (46ms)
			EditorAssembliesLoaded (0ms)
		ExecutionOrderSort2 (0ms)
		AwakeInstancesAfterBackupRestoration (72ms)
Refreshing native plugins compatible for Editor in 15.61 ms, found 3 plugins.
Preloading 0 native plugins for Editor in 0.00 ms.
Unloading 5173 Unused Serialized files (Serialized files now loaded: 0)
Unloading 70 unused Assets / (2.4 MB). Loaded Objects now: 5749.
Memory consumption went from 196.0 MB to 193.6 MB.
Total: 9.561600 ms (FindLiveObjects: 0.782400 ms CreateObjectMapping: 0.791000 ms MarkObjects: 5.627300 ms  DeleteObjects: 2.359200 ms)

Prepare: number of updated asset objects reloaded= 0
AssetImportParameters requested are different than current active one (requested -> active):
  custom:container-demuxer-ogg: 62fdf1f143b41e24485cea50d1cbac27 -> 
  custom:video-decoder-ogg-theora: a1e56fd34408186e4bbccfd4996cb3dc -> 
  custom:framework-win-MediaFoundation: 216162199b28c13a410421893ffa2e32 -> 
  custom:CustomObjectIndexerAttribute: a3ef5dd2817f97addfee359851a9dba5 -> 
  custom:container-demuxer-webm: 4f35f7cbe854078d1ac9338744f61a02 -> 
  custom:container-muxer-webm: aa71ff27fc2769a1b78a27578f13a17b -> 
  custom:video-decoder-webm-vp8: 9c59270c3fd7afecdb556c50c9e8de78 -> 
  custom:SearchIndexIgnoredProperties: e643bd26f0fe6173181afceb89e7c659 -> 
  custom:AudioImporter_EditorPlatform: d09bf68614088b80899f8185d706f6e7 -> 
  custom:video-encoder-webm-vp8: eb34c28f22e8b96e1ab97ce403110664 -> 
  custom:audio-decoder-ogg-vorbis: bf7c407c2cedff20999df2af8eb42d56 -> 
  custom:audio-encoder-webm-vorbis: bf7c407c2cedff20999df2af8eb42d56 -> 
========================================================================
Received Import Request.
  Time since last request: 83428.644650 seconds.
  path: Assets/Lion_Statue
  artifactKey: Guid(445866740abeb6546b7f0c54691d2233) Importer(815301076,1909f56bfc062723c751e8b465ee728b)
Start importing Assets/Lion_Statue using Guid(445866740abeb6546b7f0c54691d2233) Importer(815301076,1909f56bfc062723c751e8b465ee728b)  -> (artifact id: '2fcfa72ef8253580cdc3ee3938514cd8') in 0.115363 seconds
Number of updated asset objects reloaded before import = 0
Number of asset objects unloaded after import = 0
========================================================================
Received Import Request.
  Time since last request: 0.000438 seconds.
  path: Assets/Lion_Statue/Lion_Statue_2.prefab
  artifactKey: Guid(3a411b66ea764d64886749dc017f342b) Importer(815301076,1909f56bfc062723c751e8b465ee728b)
Start importing Assets/Lion_Statue/Lion_Statue_2.prefab using Guid(3a411b66ea764d64886749dc017f342b) Importer(815301076,1909f56bfc062723c751e8b465ee728b)  -> (artifact id: 'f7e5e80defd19a9f6372c4e3d1f65cfc') in 2.034186 seconds
Number of updated asset objects reloaded before import = 0
Number of asset objects unloaded after import = 39
========================================================================
Received Import Request.
  Time since last request: 0.000099 seconds.
  path: Assets/Lion_Statue/Lion_Statue.prefab
  artifactKey: Guid(a9c76a0f31a399647af506139666869e) Importer(815301076,1909f56bfc062723c751e8b465ee728b)
Start importing Assets/Lion_Statue/Lion_Statue.prefab using Guid(a9c76a0f31a399647af506139666869e) Importer(815301076,1909f56bfc062723c751e8b465ee728b)  -> (artifact id: 'd2893904e8a0cb0b499c4daaccbf8aa8') in 0.103935 seconds
Number of updated asset objects reloaded before import = 0
Number of asset objects unloaded after import = 24
========================================================================
Received Import Request.
  Time since last request: 24.553952 seconds.
  path: Assets/Lion_Statue/Textures
  artifactKey: Guid(a1c871a77f9ffcf49abf634eade3b35f) Importer(815301076,1909f56bfc062723c751e8b465ee728b)
Start importing Assets/Lion_Statue/Textures using Guid(a1c871a77f9ffcf49abf634eade3b35f) Importer(815301076,1909f56bfc062723c751e8b465ee728b)  -> (artifact id: 'ecb79b10828f148e4790443de21b9807') in 0.001141 seconds
Number of updated asset objects reloaded before import = 0
Number of asset objects unloaded after import = 0
========================================================================
Received Import Request.
  Time since last request: 1.798944 seconds.
  path: Assets/Lion_Statue/Textures/Lion
  artifactKey: Guid(c7d06fec54c38e542ad73c74f1d3b8af) Importer(815301076,1909f56bfc062723c751e8b465ee728b)
Start importing Assets/Lion_Statue/Textures/Lion using Guid(c7d06fec54c38e542ad73c74f1d3b8af) Importer(815301076,1909f56bfc062723c751e8b465ee728b)  -> (artifact id: '3626533c818d4fd8a24019e736bb2d4a') in 0.001991 seconds
Number of updated asset objects reloaded before import = 0
Number of asset objects unloaded after import = 0
========================================================================
Received Import Request.
  Time since last request: 0.052966 seconds.
  path: Assets/Lion_Statue/Textures/Lion/Lion_Statue_Albedo.png
  artifactKey: Guid(ef5733d802ad1d145a3105ad78515c30) Importer(815301076,1909f56bfc062723c751e8b465ee728b)
Start importing Assets/Lion_Statue/Textures/Lion/Lion_Statue_Albedo.png using Guid(ef5733d802ad1d145a3105ad78515c30) Importer(815301076,1909f56bfc062723c751e8b465ee728b)  -> (artifact id: 'da56fd64b048f645ab11bca1c8b0b3ff') in 0.105099 seconds
Number of updated asset objects reloaded before import = 0
Number of asset objects unloaded after import = 2
========================================================================
Received Import Request.
  Time since last request: 0.000054 seconds.
  path: Assets/Lion_Statue/Textures/Lion/Lion_Statue_Occlusion.png
  artifactKey: Guid(a8125a84251325948a8980cae4c57cc8) Importer(815301076,1909f56bfc062723c751e8b465ee728b)
Start importing Assets/Lion_Statue/Textures/Lion/Lion_Statue_Occlusion.png using Guid(a8125a84251325948a8980cae4c57cc8) Importer(815301076,1909f56bfc062723c751e8b465ee728b)  -> (artifact id: 'a14b7af41c675b3ab817cc4488f6296a') in 0.084264 seconds
Number of updated asset objects reloaded before import = 0
Number of asset objects unloaded after import = 2
========================================================================
Received Import Request.
  Time since last request: 169.999424 seconds.
  path: Assets/Lion_Statue/Materials
  artifactKey: Guid(a4eb86704da97894081508772b4ab53d) Importer(815301076,1909f56bfc062723c751e8b465ee728b)
Start importing Assets/Lion_Statue/Materials using Guid(a4eb86704da97894081508772b4ab53d) Importer(815301076,1909f56bfc062723c751e8b465ee728b)  -> (artifact id: 'd239890c11c2331e752e2b4d0f5cf4ff') in 0.002695 seconds
Number of updated asset objects reloaded before import = 0
Number of asset objects unloaded after import = 0
========================================================================
Received Import Request.
  Time since last request: 511.731487 seconds.
  path: Assets/Lion_Statue/Materials/Material__Block.mat
  artifactKey: Guid(1b0898e2a556a244c893609c2f133382) Importer(815301076,1909f56bfc062723c751e8b465ee728b)
Start importing Assets/Lion_Statue/Materials/Material__Block.mat using Guid(1b0898e2a556a244c893609c2f133382) Importer(815301076,1909f56bfc062723c751e8b465ee728b)  -> (artifact id: 'f1932ce2b16c25014c7babfd7781b96a') in 0.282475 seconds
Number of updated asset objects reloaded before import = 0
Number of asset objects unloaded after import = 5
